   0  $accept : program $end

   1  program : declList

   2  declList : decl
   3           | declList decl

   4  decl : varDecl
   5       | funDecl

   6  varDecl : typeSpecifier ID LSQ_BRKT INTCONST RSQ_BRKT SEMICLN
   7          | typeSpecifier ID SEMICLN

   8  typeSpecifier : KWD_INT
   9                | KWD_CHAR
  10                | KWD_VOID

  11  funDecl : funHeader LPAREN formalDeclList RPAREN funBody
  12          | funHeader LPAREN RPAREN funBody

  13  funHeader : typeSpecifier ID

  14  formalDeclList : formalDecl
  15                 | formalDecl COMMA formalDeclList

  16  formalDecl : typeSpecifier ID
  17             | typeSpecifier ID LSQ_BRKT RSQ_BRKT

  18  funBody : LCRLY_BRKT localDeclList statementList RCRLY_BRKT

  19  localDeclList :
  20                | varDecl localDeclList

  21  statementList :
  22                | statement statementList

  23  statement : compoundStmt
  24            | assignStmt
  25            | condStmt
  26            | loopStmt
  27            | returnStmt

  28  compoundStmt : LCRLY_BRKT statementList RCRLY_BRKT

  29  assignStmt : var OPER_ASGN expression SEMICLN
  30             | expression

  31  condStmt : KWD_IF LPAREN expression RPAREN statement
  32           | KWD_IF LPAREN expression RPAREN statement KWD_ELSE statement

  33  loopStmt : KWD_WHILE LPAREN expression RPAREN statement

  34  returnStmt : KWD_RETURN SEMICLN
  35             | KWD_RETURN expression SEMICLN

  36  expression : addExpr
  37             | expression relop addExpr

  38  var : ID
  39      | ID LSQ_BRKT addExpr RSQ_BRKT

  40  relop : OPER_LTE
  41        | OPER_LT
  42        | OPER_GT
  43        | OPER_GTE
  44        | OPER_EQ
  45        | OPER_NEQ

  46  addExpr : term
  47          | addExpr addop term
  48          | addExpr SEMICLN

  49  addop : OPER_ADD
  50        | OPER_SUB

  51  term : factor
  52       | term mulop factor
  53       | term SEMICLN

  54  mulop : OPER_MUL
  55        | OPER_DIV

  56  factor : LPAREN expression RPAREN
  57         | var
  58         | funcCallExpr
  59         | INTCONST
  60         | CHARCONST
  61         | STRCONST

  62  funcCallExpr : ID LPAREN argList RPAREN
  63               | ID LPAREN RPAREN

  64  argList : expression
  65          | argList COMMA expression

state 0
	$accept : . program $end  (0)

	KWD_INT  shift 1
	KWD_CHAR  shift 2
	KWD_VOID  shift 3
	.  error

	program  goto 4
	declList  goto 5
	decl  goto 6
	varDecl  goto 7
	typeSpecifier  goto 8
	funDecl  goto 9
	funHeader  goto 10


state 1
	typeSpecifier : KWD_INT .  (8)

	.  reduce 8


state 2
	typeSpecifier : KWD_CHAR .  (9)

	.  reduce 9


state 3
	typeSpecifier : KWD_VOID .  (10)

	.  reduce 10


state 4
	$accept : program . $end  (0)

	$end  accept


state 5
	program : declList .  (1)
	declList : declList . decl  (3)

	KWD_INT  shift 1
	KWD_CHAR  shift 2
	KWD_VOID  shift 3
	$end  reduce 1

	decl  goto 11
	varDecl  goto 7
	typeSpecifier  goto 8
	funDecl  goto 9
	funHeader  goto 10


state 6
	declList : decl .  (2)

	.  reduce 2


state 7
	decl : varDecl .  (4)

	.  reduce 4


state 8
	varDecl : typeSpecifier . ID LSQ_BRKT INTCONST RSQ_BRKT SEMICLN  (6)
	varDecl : typeSpecifier . ID SEMICLN  (7)
	funHeader : typeSpecifier . ID  (13)

	ID  shift 12
	.  error


state 9
	decl : funDecl .  (5)

	.  reduce 5


state 10
	funDecl : funHeader . LPAREN formalDeclList RPAREN funBody  (11)
	funDecl : funHeader . LPAREN RPAREN funBody  (12)

	LPAREN  shift 13
	.  error


state 11
	declList : declList decl .  (3)

	.  reduce 3


state 12
	varDecl : typeSpecifier ID . LSQ_BRKT INTCONST RSQ_BRKT SEMICLN  (6)
	varDecl : typeSpecifier ID . SEMICLN  (7)
	funHeader : typeSpecifier ID .  (13)

	LSQ_BRKT  shift 14
	SEMICLN  shift 15
	LPAREN  reduce 13


state 13
	funDecl : funHeader LPAREN . formalDeclList RPAREN funBody  (11)
	funDecl : funHeader LPAREN . RPAREN funBody  (12)

	KWD_INT  shift 1
	KWD_CHAR  shift 2
	KWD_VOID  shift 3
	RPAREN  shift 16
	.  error

	typeSpecifier  goto 17
	formalDeclList  goto 18
	formalDecl  goto 19


state 14
	varDecl : typeSpecifier ID LSQ_BRKT . INTCONST RSQ_BRKT SEMICLN  (6)

	INTCONST  shift 20
	.  error


state 15
	varDecl : typeSpecifier ID SEMICLN .  (7)

	.  reduce 7


state 16
	funDecl : funHeader LPAREN RPAREN . funBody  (12)

	LCRLY_BRKT  shift 21
	.  error

	funBody  goto 22


state 17
	formalDecl : typeSpecifier . ID  (16)
	formalDecl : typeSpecifier . ID LSQ_BRKT RSQ_BRKT  (17)

	ID  shift 23
	.  error


state 18
	funDecl : funHeader LPAREN formalDeclList . RPAREN funBody  (11)

	RPAREN  shift 24
	.  error


state 19
	formalDeclList : formalDecl .  (14)
	formalDeclList : formalDecl . COMMA formalDeclList  (15)

	COMMA  shift 25
	RPAREN  reduce 14


state 20
	varDecl : typeSpecifier ID LSQ_BRKT INTCONST . RSQ_BRKT SEMICLN  (6)

	RSQ_BRKT  shift 26
	.  error


state 21
	funBody : LCRLY_BRKT . localDeclList statementList RCRLY_BRKT  (18)
	localDeclList : .  (19)

	KWD_INT  shift 1
	KWD_CHAR  shift 2
	KWD_VOID  shift 3
	ID  reduce 19
	INTCONST  reduce 19
	CHARCONST  reduce 19
	STRCONST  reduce 19
	KWD_IF  reduce 19
	KWD_WHILE  reduce 19
	KWD_RETURN  reduce 19
	LCRLY_BRKT  reduce 19
	RCRLY_BRKT  reduce 19
	LPAREN  reduce 19

	varDecl  goto 27
	typeSpecifier  goto 28
	localDeclList  goto 29


state 22
	funDecl : funHeader LPAREN RPAREN funBody .  (12)

	.  reduce 12


state 23
	formalDecl : typeSpecifier ID .  (16)
	formalDecl : typeSpecifier ID . LSQ_BRKT RSQ_BRKT  (17)

	LSQ_BRKT  shift 30
	RPAREN  reduce 16
	COMMA  reduce 16


state 24
	funDecl : funHeader LPAREN formalDeclList RPAREN . funBody  (11)

	LCRLY_BRKT  shift 21
	.  error

	funBody  goto 31


state 25
	formalDeclList : formalDecl COMMA . formalDeclList  (15)

	KWD_INT  shift 1
	KWD_CHAR  shift 2
	KWD_VOID  shift 3
	.  error

	typeSpecifier  goto 17
	formalDeclList  goto 32
	formalDecl  goto 19


state 26
	varDecl : typeSpecifier ID LSQ_BRKT INTCONST RSQ_BRKT . SEMICLN  (6)

	SEMICLN  shift 33
	.  error


state 27
	localDeclList : varDecl . localDeclList  (20)
	localDeclList : .  (19)

	KWD_INT  shift 1
	KWD_CHAR  shift 2
	KWD_VOID  shift 3
	ID  reduce 19
	INTCONST  reduce 19
	CHARCONST  reduce 19
	STRCONST  reduce 19
	KWD_IF  reduce 19
	KWD_WHILE  reduce 19
	KWD_RETURN  reduce 19
	LCRLY_BRKT  reduce 19
	RCRLY_BRKT  reduce 19
	LPAREN  reduce 19

	varDecl  goto 27
	typeSpecifier  goto 28
	localDeclList  goto 34


state 28
	varDecl : typeSpecifier . ID LSQ_BRKT INTCONST RSQ_BRKT SEMICLN  (6)
	varDecl : typeSpecifier . ID SEMICLN  (7)

	ID  shift 35
	.  error


state 29
	funBody : LCRLY_BRKT localDeclList . statementList RCRLY_BRKT  (18)
	statementList : .  (21)

	ID  shift 36
	INTCONST  shift 37
	CHARCONST  shift 38
	STRCONST  shift 39
	KWD_IF  shift 40
	KWD_WHILE  shift 41
	KWD_RETURN  shift 42
	LCRLY_BRKT  shift 43
	LPAREN  shift 44
	RCRLY_BRKT  reduce 21

	statementList  goto 45
	statement  goto 46
	compoundStmt  goto 47
	assignStmt  goto 48
	condStmt  goto 49
	loopStmt  goto 50
	returnStmt  goto 51
	addExpr  goto 52
	term  goto 53
	factor  goto 54
	funcCallExpr  goto 55
	expression  goto 56
	var  goto 57


state 30
	formalDecl : typeSpecifier ID LSQ_BRKT . RSQ_BRKT  (17)

	RSQ_BRKT  shift 58
	.  error


state 31
	funDecl : funHeader LPAREN formalDeclList RPAREN funBody .  (11)

	.  reduce 11


state 32
	formalDeclList : formalDecl COMMA formalDeclList .  (15)

	.  reduce 15


state 33
	varDecl : typeSpecifier ID LSQ_BRKT INTCONST RSQ_BRKT SEMICLN .  (6)

	.  reduce 6


state 34
	localDeclList : varDecl localDeclList .  (20)

	.  reduce 20


state 35
	varDecl : typeSpecifier ID . LSQ_BRKT INTCONST RSQ_BRKT SEMICLN  (6)
	varDecl : typeSpecifier ID . SEMICLN  (7)

	LSQ_BRKT  shift 14
	SEMICLN  shift 15
	.  error


36: shift/reduce conflict (shift 60, reduce 38) on LPAREN
state 36
	var : ID .  (38)
	var : ID . LSQ_BRKT addExpr RSQ_BRKT  (39)
	funcCallExpr : ID . LPAREN argList RPAREN  (62)
	funcCallExpr : ID . LPAREN RPAREN  (63)

	LSQ_BRKT  shift 59
	LPAREN  shift 60
	ID  reduce 38
	INTCONST  reduce 38
	CHARCONST  reduce 38
	STRCONST  reduce 38
	KWD_IF  reduce 38
	KWD_ELSE  reduce 38
	KWD_WHILE  reduce 38
	KWD_RETURN  reduce 38
	OPER_ADD  reduce 38
	OPER_SUB  reduce 38
	OPER_MUL  reduce 38
	OPER_DIV  reduce 38
	OPER_LT  reduce 38
	OPER_GT  reduce 38
	OPER_GTE  reduce 38
	OPER_LTE  reduce 38
	OPER_EQ  reduce 38
	OPER_NEQ  reduce 38
	OPER_ASGN  reduce 38
	RSQ_BRKT  reduce 38
	LCRLY_BRKT  reduce 38
	RCRLY_BRKT  reduce 38
	RPAREN  reduce 38
	COMMA  reduce 38
	SEMICLN  reduce 38


state 37
	factor : INTCONST .  (59)

	.  reduce 59


state 38
	factor : CHARCONST .  (60)

	.  reduce 60


state 39
	factor : STRCONST .  (61)

	.  reduce 61


state 40
	condStmt : KWD_IF . LPAREN expression RPAREN statement  (31)
	condStmt : KWD_IF . LPAREN expression RPAREN statement KWD_ELSE statement  (32)

	LPAREN  shift 61
	.  error


state 41
	loopStmt : KWD_WHILE . LPAREN expression RPAREN statement  (33)

	LPAREN  shift 62
	.  error


state 42
	returnStmt : KWD_RETURN . SEMICLN  (34)
	returnStmt : KWD_RETURN . expression SEMICLN  (35)

	ID  shift 36
	INTCONST  shift 37
	CHARCONST  shift 38
	STRCONST  shift 39
	LPAREN  shift 44
	SEMICLN  shift 63
	.  error

	addExpr  goto 52
	term  goto 53
	factor  goto 54
	funcCallExpr  goto 55
	expression  goto 64
	var  goto 65


state 43
	compoundStmt : LCRLY_BRKT . statementList RCRLY_BRKT  (28)
	statementList : .  (21)

	ID  shift 36
	INTCONST  shift 37
	CHARCONST  shift 38
	STRCONST  shift 39
	KWD_IF  shift 40
	KWD_WHILE  shift 41
	KWD_RETURN  shift 42
	LCRLY_BRKT  shift 43
	LPAREN  shift 44
	RCRLY_BRKT  reduce 21

	statementList  goto 66
	statement  goto 46
	compoundStmt  goto 47
	assignStmt  goto 48
	condStmt  goto 49
	loopStmt  goto 50
	returnStmt  goto 51
	addExpr  goto 52
	term  goto 53
	factor  goto 54
	funcCallExpr  goto 55
	expression  goto 56
	var  goto 57


state 44
	factor : LPAREN . expression RPAREN  (56)

	ID  shift 36
	INTCONST  shift 37
	CHARCONST  shift 38
	STRCONST  shift 39
	LPAREN  shift 44
	.  error

	addExpr  goto 52
	term  goto 53
	factor  goto 54
	funcCallExpr  goto 55
	expression  goto 67
	var  goto 65


state 45
	funBody : LCRLY_BRKT localDeclList statementList . RCRLY_BRKT  (18)

	RCRLY_BRKT  shift 68
	.  error


state 46
	statementList : statement . statementList  (22)
	statementList : .  (21)

	ID  shift 36
	INTCONST  shift 37
	CHARCONST  shift 38
	STRCONST  shift 39
	KWD_IF  shift 40
	KWD_WHILE  shift 41
	KWD_RETURN  shift 42
	LCRLY_BRKT  shift 43
	LPAREN  shift 44
	RCRLY_BRKT  reduce 21

	statementList  goto 69
	statement  goto 46
	compoundStmt  goto 47
	assignStmt  goto 48
	condStmt  goto 49
	loopStmt  goto 50
	returnStmt  goto 51
	addExpr  goto 52
	term  goto 53
	factor  goto 54
	funcCallExpr  goto 55
	expression  goto 56
	var  goto 57


state 47
	statement : compoundStmt .  (23)

	.  reduce 23


state 48
	statement : assignStmt .  (24)

	.  reduce 24


state 49
	statement : condStmt .  (25)

	.  reduce 25


state 50
	statement : loopStmt .  (26)

	.  reduce 26


state 51
	statement : returnStmt .  (27)

	.  reduce 27


52: shift/reduce conflict (shift 72, reduce 36) on SEMICLN
state 52
	expression : addExpr .  (36)
	addExpr : addExpr . addop term  (47)
	addExpr : addExpr . SEMICLN  (48)

	OPER_ADD  shift 70
	OPER_SUB  shift 71
	SEMICLN  shift 72
	ID  reduce 36
	INTCONST  reduce 36
	CHARCONST  reduce 36
	STRCONST  reduce 36
	KWD_IF  reduce 36
	KWD_ELSE  reduce 36
	KWD_WHILE  reduce 36
	KWD_RETURN  reduce 36
	OPER_LT  reduce 36
	OPER_GT  reduce 36
	OPER_GTE  reduce 36
	OPER_LTE  reduce 36
	OPER_EQ  reduce 36
	OPER_NEQ  reduce 36
	LCRLY_BRKT  reduce 36
	RCRLY_BRKT  reduce 36
	LPAREN  reduce 36
	RPAREN  reduce 36
	COMMA  reduce 36

	addop  goto 73


53: shift/reduce conflict (shift 76, reduce 46) on SEMICLN
state 53
	addExpr : term .  (46)
	term : term . mulop factor  (52)
	term : term . SEMICLN  (53)

	OPER_MUL  shift 74
	OPER_DIV  shift 75
	SEMICLN  shift 76
	ID  reduce 46
	INTCONST  reduce 46
	CHARCONST  reduce 46
	STRCONST  reduce 46
	KWD_IF  reduce 46
	KWD_ELSE  reduce 46
	KWD_WHILE  reduce 46
	KWD_RETURN  reduce 46
	OPER_ADD  reduce 46
	OPER_SUB  reduce 46
	OPER_LT  reduce 46
	OPER_GT  reduce 46
	OPER_GTE  reduce 46
	OPER_LTE  reduce 46
	OPER_EQ  reduce 46
	OPER_NEQ  reduce 46
	RSQ_BRKT  reduce 46
	LCRLY_BRKT  reduce 46
	RCRLY_BRKT  reduce 46
	LPAREN  reduce 46
	RPAREN  reduce 46
	COMMA  reduce 46

	mulop  goto 77


state 54
	term : factor .  (51)

	.  reduce 51


state 55
	factor : funcCallExpr .  (58)

	.  reduce 58


state 56
	assignStmt : expression .  (30)
	expression : expression . relop addExpr  (37)

	OPER_LT  shift 78
	OPER_GT  shift 79
	OPER_GTE  shift 80
	OPER_LTE  shift 81
	OPER_EQ  shift 82
	OPER_NEQ  shift 83
	ID  reduce 30
	INTCONST  reduce 30
	CHARCONST  reduce 30
	STRCONST  reduce 30
	KWD_IF  reduce 30
	KWD_ELSE  reduce 30
	KWD_WHILE  reduce 30
	KWD_RETURN  reduce 30
	LCRLY_BRKT  reduce 30
	RCRLY_BRKT  reduce 30
	LPAREN  reduce 30

	relop  goto 84


state 57
	assignStmt : var . OPER_ASGN expression SEMICLN  (29)
	factor : var .  (57)

	OPER_ASGN  shift 85
	ID  reduce 57
	INTCONST  reduce 57
	CHARCONST  reduce 57
	STRCONST  reduce 57
	KWD_IF  reduce 57
	KWD_ELSE  reduce 57
	KWD_WHILE  reduce 57
	KWD_RETURN  reduce 57
	OPER_ADD  reduce 57
	OPER_SUB  reduce 57
	OPER_MUL  reduce 57
	OPER_DIV  reduce 57
	OPER_LT  reduce 57
	OPER_GT  reduce 57
	OPER_GTE  reduce 57
	OPER_LTE  reduce 57
	OPER_EQ  reduce 57
	OPER_NEQ  reduce 57
	LCRLY_BRKT  reduce 57
	RCRLY_BRKT  reduce 57
	LPAREN  reduce 57
	SEMICLN  reduce 57


state 58
	formalDecl : typeSpecifier ID LSQ_BRKT RSQ_BRKT .  (17)

	.  reduce 17


state 59
	var : ID LSQ_BRKT . addExpr RSQ_BRKT  (39)

	ID  shift 36
	INTCONST  shift 37
	CHARCONST  shift 38
	STRCONST  shift 39
	LPAREN  shift 44
	.  error

	addExpr  goto 86
	term  goto 53
	factor  goto 54
	funcCallExpr  goto 55
	var  goto 65


state 60
	funcCallExpr : ID LPAREN . argList RPAREN  (62)
	funcCallExpr : ID LPAREN . RPAREN  (63)

	ID  shift 36
	INTCONST  shift 37
	CHARCONST  shift 38
	STRCONST  shift 39
	LPAREN  shift 44
	RPAREN  shift 87
	.  error

	addExpr  goto 52
	term  goto 53
	factor  goto 54
	funcCallExpr  goto 55
	argList  goto 88
	expression  goto 89
	var  goto 65


state 61
	condStmt : KWD_IF LPAREN . expression RPAREN statement  (31)
	condStmt : KWD_IF LPAREN . expression RPAREN statement KWD_ELSE statement  (32)

	ID  shift 36
	INTCONST  shift 37
	CHARCONST  shift 38
	STRCONST  shift 39
	LPAREN  shift 44
	.  error

	addExpr  goto 52
	term  goto 53
	factor  goto 54
	funcCallExpr  goto 55
	expression  goto 90
	var  goto 65


state 62
	loopStmt : KWD_WHILE LPAREN . expression RPAREN statement  (33)

	ID  shift 36
	INTCONST  shift 37
	CHARCONST  shift 38
	STRCONST  shift 39
	LPAREN  shift 44
	.  error

	addExpr  goto 52
	term  goto 53
	factor  goto 54
	funcCallExpr  goto 55
	expression  goto 91
	var  goto 65


state 63
	returnStmt : KWD_RETURN SEMICLN .  (34)

	.  reduce 34


state 64
	returnStmt : KWD_RETURN expression . SEMICLN  (35)
	expression : expression . relop addExpr  (37)

	OPER_LT  shift 78
	OPER_GT  shift 79
	OPER_GTE  shift 80
	OPER_LTE  shift 81
	OPER_EQ  shift 82
	OPER_NEQ  shift 83
	SEMICLN  shift 92
	.  error

	relop  goto 84


state 65
	factor : var .  (57)

	.  reduce 57


state 66
	compoundStmt : LCRLY_BRKT statementList . RCRLY_BRKT  (28)

	RCRLY_BRKT  shift 93
	.  error


state 67
	expression : expression . relop addExpr  (37)
	factor : LPAREN expression . RPAREN  (56)

	OPER_LT  shift 78
	OPER_GT  shift 79
	OPER_GTE  shift 80
	OPER_LTE  shift 81
	OPER_EQ  shift 82
	OPER_NEQ  shift 83
	RPAREN  shift 94
	.  error

	relop  goto 84


state 68
	funBody : LCRLY_BRKT localDeclList statementList RCRLY_BRKT .  (18)

	.  reduce 18


state 69
	statementList : statement statementList .  (22)

	.  reduce 22


state 70
	addop : OPER_ADD .  (49)

	.  reduce 49


state 71
	addop : OPER_SUB .  (50)

	.  reduce 50


state 72
	addExpr : addExpr SEMICLN .  (48)

	.  reduce 48


state 73
	addExpr : addExpr addop . term  (47)

	ID  shift 36
	INTCONST  shift 37
	CHARCONST  shift 38
	STRCONST  shift 39
	LPAREN  shift 44
	.  error

	term  goto 95
	factor  goto 54
	funcCallExpr  goto 55
	var  goto 65


state 74
	mulop : OPER_MUL .  (54)

	.  reduce 54


state 75
	mulop : OPER_DIV .  (55)

	.  reduce 55


state 76
	term : term SEMICLN .  (53)

	.  reduce 53


state 77
	term : term mulop . factor  (52)

	ID  shift 36
	INTCONST  shift 37
	CHARCONST  shift 38
	STRCONST  shift 39
	LPAREN  shift 44
	.  error

	factor  goto 96
	funcCallExpr  goto 55
	var  goto 65


state 78
	relop : OPER_LT .  (41)

	.  reduce 41


state 79
	relop : OPER_GT .  (42)

	.  reduce 42


state 80
	relop : OPER_GTE .  (43)

	.  reduce 43


state 81
	relop : OPER_LTE .  (40)

	.  reduce 40


state 82
	relop : OPER_EQ .  (44)

	.  reduce 44


state 83
	relop : OPER_NEQ .  (45)

	.  reduce 45


state 84
	expression : expression relop . addExpr  (37)

	ID  shift 36
	INTCONST  shift 37
	CHARCONST  shift 38
	STRCONST  shift 39
	LPAREN  shift 44
	.  error

	addExpr  goto 97
	term  goto 53
	factor  goto 54
	funcCallExpr  goto 55
	var  goto 65


state 85
	assignStmt : var OPER_ASGN . expression SEMICLN  (29)

	ID  shift 36
	INTCONST  shift 37
	CHARCONST  shift 38
	STRCONST  shift 39
	LPAREN  shift 44
	.  error

	addExpr  goto 52
	term  goto 53
	factor  goto 54
	funcCallExpr  goto 55
	expression  goto 98
	var  goto 65


state 86
	var : ID LSQ_BRKT addExpr . RSQ_BRKT  (39)
	addExpr : addExpr . addop term  (47)
	addExpr : addExpr . SEMICLN  (48)

	OPER_ADD  shift 70
	OPER_SUB  shift 71
	RSQ_BRKT  shift 99
	SEMICLN  shift 72
	.  error

	addop  goto 73


state 87
	funcCallExpr : ID LPAREN RPAREN .  (63)

	.  reduce 63


state 88
	funcCallExpr : ID LPAREN argList . RPAREN  (62)
	argList : argList . COMMA expression  (65)

	RPAREN  shift 100
	COMMA  shift 101
	.  error


state 89
	expression : expression . relop addExpr  (37)
	argList : expression .  (64)

	OPER_LT  shift 78
	OPER_GT  shift 79
	OPER_GTE  shift 80
	OPER_LTE  shift 81
	OPER_EQ  shift 82
	OPER_NEQ  shift 83
	RPAREN  reduce 64
	COMMA  reduce 64

	relop  goto 84


state 90
	condStmt : KWD_IF LPAREN expression . RPAREN statement  (31)
	condStmt : KWD_IF LPAREN expression . RPAREN statement KWD_ELSE statement  (32)
	expression : expression . relop addExpr  (37)

	OPER_LT  shift 78
	OPER_GT  shift 79
	OPER_GTE  shift 80
	OPER_LTE  shift 81
	OPER_EQ  shift 82
	OPER_NEQ  shift 83
	RPAREN  shift 102
	.  error

	relop  goto 84


state 91
	loopStmt : KWD_WHILE LPAREN expression . RPAREN statement  (33)
	expression : expression . relop addExpr  (37)

	OPER_LT  shift 78
	OPER_GT  shift 79
	OPER_GTE  shift 80
	OPER_LTE  shift 81
	OPER_EQ  shift 82
	OPER_NEQ  shift 83
	RPAREN  shift 103
	.  error

	relop  goto 84


state 92
	returnStmt : KWD_RETURN expression SEMICLN .  (35)

	.  reduce 35


state 93
	compoundStmt : LCRLY_BRKT statementList RCRLY_BRKT .  (28)

	.  reduce 28


state 94
	factor : LPAREN expression RPAREN .  (56)

	.  reduce 56


95: shift/reduce conflict (shift 76, reduce 47) on SEMICLN
state 95
	addExpr : addExpr addop term .  (47)
	term : term . mulop factor  (52)
	term : term . SEMICLN  (53)

	OPER_MUL  shift 74
	OPER_DIV  shift 75
	SEMICLN  shift 76
	ID  reduce 47
	INTCONST  reduce 47
	CHARCONST  reduce 47
	STRCONST  reduce 47
	KWD_IF  reduce 47
	KWD_ELSE  reduce 47
	KWD_WHILE  reduce 47
	KWD_RETURN  reduce 47
	OPER_ADD  reduce 47
	OPER_SUB  reduce 47
	OPER_LT  reduce 47
	OPER_GT  reduce 47
	OPER_GTE  reduce 47
	OPER_LTE  reduce 47
	OPER_EQ  reduce 47
	OPER_NEQ  reduce 47
	RSQ_BRKT  reduce 47
	LCRLY_BRKT  reduce 47
	RCRLY_BRKT  reduce 47
	LPAREN  reduce 47
	RPAREN  reduce 47
	COMMA  reduce 47

	mulop  goto 77


state 96
	term : term mulop factor .  (52)

	.  reduce 52


97: shift/reduce conflict (shift 72, reduce 37) on SEMICLN
state 97
	expression : expression relop addExpr .  (37)
	addExpr : addExpr . addop term  (47)
	addExpr : addExpr . SEMICLN  (48)

	OPER_ADD  shift 70
	OPER_SUB  shift 71
	SEMICLN  shift 72
	ID  reduce 37
	INTCONST  reduce 37
	CHARCONST  reduce 37
	STRCONST  reduce 37
	KWD_IF  reduce 37
	KWD_ELSE  reduce 37
	KWD_WHILE  reduce 37
	KWD_RETURN  reduce 37
	OPER_LT  reduce 37
	OPER_GT  reduce 37
	OPER_GTE  reduce 37
	OPER_LTE  reduce 37
	OPER_EQ  reduce 37
	OPER_NEQ  reduce 37
	LCRLY_BRKT  reduce 37
	RCRLY_BRKT  reduce 37
	LPAREN  reduce 37
	RPAREN  reduce 37
	COMMA  reduce 37

	addop  goto 73


state 98
	assignStmt : var OPER_ASGN expression . SEMICLN  (29)
	expression : expression . relop addExpr  (37)

	OPER_LT  shift 78
	OPER_GT  shift 79
	OPER_GTE  shift 80
	OPER_LTE  shift 81
	OPER_EQ  shift 82
	OPER_NEQ  shift 83
	SEMICLN  shift 104
	.  error

	relop  goto 84


state 99
	var : ID LSQ_BRKT addExpr RSQ_BRKT .  (39)

	.  reduce 39


state 100
	funcCallExpr : ID LPAREN argList RPAREN .  (62)

	.  reduce 62


state 101
	argList : argList COMMA . expression  (65)

	ID  shift 36
	INTCONST  shift 37
	CHARCONST  shift 38
	STRCONST  shift 39
	LPAREN  shift 44
	.  error

	addExpr  goto 52
	term  goto 53
	factor  goto 54
	funcCallExpr  goto 55
	expression  goto 105
	var  goto 65


state 102
	condStmt : KWD_IF LPAREN expression RPAREN . statement  (31)
	condStmt : KWD_IF LPAREN expression RPAREN . statement KWD_ELSE statement  (32)

	ID  shift 36
	INTCONST  shift 37
	CHARCONST  shift 38
	STRCONST  shift 39
	KWD_IF  shift 40
	KWD_WHILE  shift 41
	KWD_RETURN  shift 42
	LCRLY_BRKT  shift 43
	LPAREN  shift 44
	.  error

	statement  goto 106
	compoundStmt  goto 47
	assignStmt  goto 48
	condStmt  goto 49
	loopStmt  goto 50
	returnStmt  goto 51
	addExpr  goto 52
	term  goto 53
	factor  goto 54
	funcCallExpr  goto 55
	expression  goto 56
	var  goto 57


state 103
	loopStmt : KWD_WHILE LPAREN expression RPAREN . statement  (33)

	ID  shift 36
	INTCONST  shift 37
	CHARCONST  shift 38
	STRCONST  shift 39
	KWD_IF  shift 40
	KWD_WHILE  shift 41
	KWD_RETURN  shift 42
	LCRLY_BRKT  shift 43
	LPAREN  shift 44
	.  error

	statement  goto 107
	compoundStmt  goto 47
	assignStmt  goto 48
	condStmt  goto 49
	loopStmt  goto 50
	returnStmt  goto 51
	addExpr  goto 52
	term  goto 53
	factor  goto 54
	funcCallExpr  goto 55
	expression  goto 56
	var  goto 57


state 104
	assignStmt : var OPER_ASGN expression SEMICLN .  (29)

	.  reduce 29


state 105
	expression : expression . relop addExpr  (37)
	argList : argList COMMA expression .  (65)

	OPER_LT  shift 78
	OPER_GT  shift 79
	OPER_GTE  shift 80
	OPER_LTE  shift 81
	OPER_EQ  shift 82
	OPER_NEQ  shift 83
	RPAREN  reduce 65
	COMMA  reduce 65

	relop  goto 84


106: shift/reduce conflict (shift 108, reduce 31) on KWD_ELSE
state 106
	condStmt : KWD_IF LPAREN expression RPAREN statement .  (31)
	condStmt : KWD_IF LPAREN expression RPAREN statement . KWD_ELSE statement  (32)

	KWD_ELSE  shift 108
	ID  reduce 31
	INTCONST  reduce 31
	CHARCONST  reduce 31
	STRCONST  reduce 31
	KWD_IF  reduce 31
	KWD_WHILE  reduce 31
	KWD_RETURN  reduce 31
	LCRLY_BRKT  reduce 31
	RCRLY_BRKT  reduce 31
	LPAREN  reduce 31


state 107
	loopStmt : KWD_WHILE LPAREN expression RPAREN statement .  (33)

	.  reduce 33


state 108
	condStmt : KWD_IF LPAREN expression RPAREN statement KWD_ELSE . statement  (32)

	ID  shift 36
	INTCONST  shift 37
	CHARCONST  shift 38
	STRCONST  shift 39
	KWD_IF  shift 40
	KWD_WHILE  shift 41
	KWD_RETURN  shift 42
	LCRLY_BRKT  shift 43
	LPAREN  shift 44
	.  error

	statement  goto 109
	compoundStmt  goto 47
	assignStmt  goto 48
	condStmt  goto 49
	loopStmt  goto 50
	returnStmt  goto 51
	addExpr  goto 52
	term  goto 53
	factor  goto 54
	funcCallExpr  goto 55
	expression  goto 56
	var  goto 57


state 109
	condStmt : KWD_IF LPAREN expression RPAREN statement KWD_ELSE statement .  (32)

	.  reduce 32


State 36 contains 1 shift/reduce conflict.
State 52 contains 1 shift/reduce conflict.
State 53 contains 1 shift/reduce conflict.
State 95 contains 1 shift/reduce conflict.
State 97 contains 1 shift/reduce conflict.
State 106 contains 1 shift/reduce conflict.


42 terminals, 29 nonterminals
66 grammar rules, 110 states
